Generated at 2017-04-20 16:45:39 +0530
Chef::Exceptions::RecipeNotFound: could not find recipe default for cookbook child
/opt/chefdk/embedded/lib/ruby/gems/2.3.0/gems/chef-12.19.36/lib/chef/cookbook_version.rb:222:in `load_recipe'
/opt/chefdk/embedded/lib/ruby/gems/2.3.0/gems/chef-12.19.36/lib/chef/run_context.rb:338:in `load_recipe'
/opt/chefdk/embedded/lib/ruby/gems/2.3.0/gems/chef-12.19.36/lib/chef/run_context/cookbook_compiler.rb:141:in `block in compile_recipes'
/opt/chefdk/embedded/lib/ruby/gems/2.3.0/gems/chef-12.19.36/lib/chef/run_context/cookbook_compiler.rb:138:in `each'
/opt/chefdk/embedded/lib/ruby/gems/2.3.0/gems/chef-12.19.36/lib/chef/run_context/cookbook_compiler.rb:138:in `compile_recipes'
/opt/chefdk/embedded/lib/ruby/gems/2.3.0/gems/chef-12.19.36/lib/chef/run_context/cookbook_compiler.rb:75:in `compile'
/opt/chefdk/embedded/lib/ruby/gems/2.3.0/gems/chef-12.19.36/lib/chef/run_context.rb:187:in `load'
/opt/chefdk/embedded/lib/ruby/gems/2.3.0/gems/chef-12.19.36/lib/chef/policy_builder/expand_node_object.rb:97:in `setup_run_context'
/opt/chefdk/embedded/lib/ruby/gems/2.3.0/gems/chef-12.19.36/lib/chef/client.rb:511:in `setup_run_context'
/opt/chefdk/embedded/lib/ruby/gems/2.3.0/gems/chef-12.19.36/lib/chef/client.rb:281:in `run'
/opt/chefdk/embedded/lib/ruby/gems/2.3.0/gems/chef-12.19.36/lib/chef/application.rb:295:in `block in fork_chef_client'
/opt/chefdk/embedded/lib/ruby/gems/2.3.0/gems/chef-12.19.36/lib/chef/application.rb:283:in `fork'
/opt/chefdk/embedded/lib/ruby/gems/2.3.0/gems/chef-12.19.36/lib/chef/application.rb:283:in `fork_chef_client'
/opt/chefdk/embedded/lib/ruby/gems/2.3.0/gems/chef-12.19.36/lib/chef/application.rb:248:in `block in run_chef_client'
/opt/chefdk/embedded/lib/ruby/gems/2.3.0/gems/chef-12.19.36/lib/chef/local_mode.rb:44:in `with_server_connectivity'
/opt/chefdk/embedded/lib/ruby/gems/2.3.0/gems/chef-12.19.36/lib/chef/application.rb:236:in `run_chef_client'
/opt/chefdk/embedded/lib/ruby/gems/2.3.0/gems/chef-12.19.36/lib/chef/application/client.rb:464:in `sleep_then_run_chef_client'
/opt/chefdk/embedded/lib/ruby/gems/2.3.0/gems/chef-12.19.36/lib/chef/application/client.rb:451:in `block in interval_run_chef_client'
/opt/chefdk/embedded/lib/ruby/gems/2.3.0/gems/chef-12.19.36/lib/chef/application/client.rb:450:in `loop'
/opt/chefdk/embedded/lib/ruby/gems/2.3.0/gems/chef-12.19.36/lib/chef/application/client.rb:450:in `interval_run_chef_client'
/opt/chefdk/embedded/lib/ruby/gems/2.3.0/gems/chef-12.19.36/lib/chef/application/client.rb:434:in `run_application'
/opt/chefdk/embedded/lib/ruby/gems/2.3.0/gems/chef-12.19.36/lib/chef/application.rb:59:in `run'
/opt/chefdk/embedded/lib/ruby/gems/2.3.0/gems/chef-12.19.36/lib/chef/application/solo.rb:226:in `run'
/opt/chefdk/embedded/lib/ruby/gems/2.3.0/gems/chef-12.19.36/bin/chef-solo:25:in `<top (required)>'
/usr/local/bin/chef-solo:58:in `load'
/usr/local/bin/chef-solo:58:in `<main>'